[Thu Feb 16 2017 14:38:29][ERRO]Unable to retrieve current_expense -> SELECT * FROM `expense` WHERE `user_id` = 1 AND `deleted` = 'f' ORDER BY `timestamp` DESC LIMIT 15
[Thu Feb 16 2017 14:39:52][ERRO]Unable to retrieve current_expense -> SELECT * FROM `expense` WHERE `user_id` = 1 AND `deleted` = 'f' ORDER BY `timestamp` DESC LIMIT 15
[Thu Feb 16 2017 14:40:05][ERRO]Unable to retrieve current_expense -> SELECT * FROM `expense` WHERE `user_id` = 1 AND `deleted` = 'f' ORDER BY `timestamp` DESC LIMIT 15
[Thu Feb 16 2017 14:41:50][ERRO]Unable to retrieve current_expense -> SELECT * FROM `expense` WHERE `user_id` = 1 AND `deleted` = 'f' ORDER BY `timestamp` DESC LIMIT 15
[Thu Feb 16 2017 14:41:55][ERRO]Unable to retrieve current_expense -> SELECT * FROM `expense` WHERE `user_id` = 1 AND `deleted` = 'f' ORDER BY `timestamp` DESC LIMIT 15
[Thu Feb 16 2017 15:43:25][ERRO]Unable to retrieve current_expense -> SELECT * FROM `expense` WHERE `user_id` = 4 AND `deleted` = 'f' ORDER BY `timestamp` DESC LIMIT 15
[Thu Feb 16 2017 15:43:31][ERRO]Unable to retrieve current_expense -> SELECT * FROM `expense` WHERE `user_id` = 4 AND `deleted` = 'f' ORDER BY `timestamp` DESC LIMIT 15
[Thu Feb 16 2017 22:34:48][ERRO]Unable to retrieve current_expense -> SELECT * FROM `expense` WHERE `user_id` = 1 AND `deleted` = 'f' ORDER BY `timestamp` DESC LIMIT 15
[Thu Feb 16 2017 22:35:19][ERRO]Unable to retrieve current_expense -> SELECT * FROM `expense` WHERE `user_id` = 1 AND `deleted` = 'f' ORDER BY `timestamp` DESC LIMIT 15
[Thu Feb 16 2017 22:38:34][ERRO]Unable to retrieve current_expense -> SELECT * FROM `expense` WHERE `user_id` = 1 AND `deleted` = 'f' ORDER BY `timestamp` DESC LIMIT 15
[Thu Feb 16 2017 22:38:41][ERRO]Unable to retrieve current_expense -> SELECT * FROM `expense` WHERE `user_id` = 1 AND `deleted` = 'f' ORDER BY `timestamp` DESC LIMIT 15
[Thu Feb 16 2017 22:40:20][ERRO]Unable to retrieve current_expense -> SELECT * FROM `expense` WHERE `user_id` = 1 AND `deleted` = 'f' ORDER BY `timestamp` DESC LIMIT 15
[Fri Feb 17 2017 7:46:25][ERRO]Unable to retrieve current_expense -> SELECT * FROM `expense` WHERE `user_id` = 1 AND `deleted` = 'f' ORDER BY `timestamp` DESC LIMIT 15
[Fri Feb 17 2017 7:49:14][ERRO]Unable to retrieve current_expense -> SELECT * FROM `expense` WHERE `user_id` = 1 AND `deleted` = 'f' ORDER BY `timestamp` DESC LIMIT 15
[Fri Feb 17 2017 7:49:19][ERRO]Unable to retrieve current_expense -> SELECT * FROM `expense` WHERE `user_id` = 1 AND `deleted` = 'f' ORDER BY `timestamp` DESC LIMIT 15
[Fri Feb 17 2017 12:29:59][ERRO]Unable to retrieve current_expense -> SELECT * FROM `expense` WHERE `user_id` = 1 AND `deleted` = 'f' ORDER BY `timestamp` DESC LIMIT 15
[Fri Feb 17 2017 14:39:11][ERRO]Unable to retrieve current_expense -> SELECT * FROM `expense` WHERE `user_id` = 1 AND `deleted` = 'f' ORDER BY `timestamp` DESC LIMIT 15
[Fri Feb 17 2017 15:26:35][ERRO]Unable to retrieve current_expense -> SELECT * FROM `expense` WHERE `user_id` = 1 AND `deleted` = 'f' ORDER BY `timestamp` DESC LIMIT 15
[Fri Feb 17 2017 16:05:50][ERRO]Unable to retrieve current_expense -> SELECT * FROM `expense` WHERE `user_id` = 1 AND `deleted` = 'f' ORDER BY `timestamp` DESC LIMIT 15
[Fri Feb 17 2017 16:06:21][ERRO]Unable to retrieve current_expense -> SELECT * FROM `expense` WHERE `user_id` = 1 AND `deleted` = 'f' ORDER BY `timestamp` DESC LIMIT 15
[Fri Feb 17 2017 16:06:25][ERRO]Unable to retrieve current_expense -> SELECT * FROM `expense` WHERE `user_id` = 1 AND `deleted` = 'f' ORDER BY `timestamp` DESC LIMIT 15
[Fri Feb 17 2017 16:06:46][ERRO]Unable to retrieve current_expense -> SELECT * FROM `expense` WHERE `user_id` = 1 AND `deleted` = 'f' ORDER BY `timestamp` DESC LIMIT 15
[Fri Feb 17 2017 16:06:53][ERRO]Unable to retrieve current_expense -> SELECT * FROM `expense` WHERE `user_id` = 1 AND `deleted` = 'f' ORDER BY `timestamp` DESC LIMIT 15
[Fri Feb 17 2017 16:07:08][ERRO]Unable to retrieve current_expense -> SELECT * FROM `expense` WHERE `user_id` = 1 AND `deleted` = 'f' ORDER BY `timestamp` DESC LIMIT 15
[Fri Feb 17 2017 16:07:34][ERRO]Unable to retrieve current_expense -> SELECT * FROM `expense` WHERE `user_id` = 1 AND `deleted` = 'f' ORDER BY `timestamp` DESC LIMIT 15
[Fri Feb 17 2017 16:07:39][ERRO]Unable to retrieve current_expense -> SELECT * FROM `expense` WHERE `user_id` = 1 AND `deleted` = 'f' ORDER BY `timestamp` DESC LIMIT 15
[Fri Feb 17 2017 16:08:28][ERRO]Unable to retrieve current_expense -> SELECT * FROM `expense` WHERE `user_id` = 1 AND `deleted` = 'f' ORDER BY `timestamp` DESC LIMIT 15
[Fri Feb 17 2017 16:08:34][ERRO]Unable to retrieve current_expense -> SELECT * FROM `expense` WHERE `user_id` = 1 AND `deleted` = 'f' ORDER BY `timestamp` DESC LIMIT 15
[Fri Feb 17 2017 16:12:11][ERRO]Unable to retrieve current_expense -> SELECT * FROM `expense` WHERE `user_id` = 1 AND `deleted` = 'f' ORDER BY `timestamp` DESC LIMIT 15
[Fri Feb 17 2017 16:12:23][ERRO]Unable to retrieve current_expense -> SELECT * FROM `expense` WHERE `user_id` = 1 AND `deleted` = 'f' ORDER BY `timestamp` DESC LIMIT 15
[Fri Feb 17 2017 16:12:59][ERRO]Unable to retrieve current_expense -> SELECT * FROM `expense` WHERE `user_id` = 1 AND `deleted` = 'f' ORDER BY `timestamp` DESC LIMIT 15
[Fri Feb 17 2017 16:13:26][ERRO]Unable to retrieve current_expense -> SELECT * FROM `expense` WHERE `user_id` = 1 AND `deleted` = 'f' ORDER BY `timestamp` DESC LIMIT 15
[Fri Feb 17 2017 16:13:34][ERRO]Unable to retrieve current_expense -> SELECT * FROM `expense` WHERE `user_id` = 1 AND `deleted` = 'f' ORDER BY `timestamp` DESC LIMIT 15
[Fri Feb 17 2017 16:13:58][ERRO]Unable to retrieve current_expense -> SELECT * FROM `expense` WHERE `user_id` = 1 AND `deleted` = 'f' ORDER BY `timestamp` DESC LIMIT 15
[Fri Feb 17 2017 16:14:10][ERRO]Unable to retrieve current_expense -> SELECT * FROM `expense` WHERE `user_id` = 1 AND `deleted` = 'f' ORDER BY `timestamp` DESC LIMIT 15
[Fri Feb 17 2017 16:14:14][ERRO]Unable to retrieve current_expense -> SELECT * FROM `expense` WHERE `user_id` = 1 AND `deleted` = 'f' ORDER BY `timestamp` DESC LIMIT 15
[Fri Feb 17 2017 16:14:29][ERRO]Unable to retrieve current_expense -> SELECT * FROM `expense` WHERE `user_id` = 1 AND `deleted` = 'f' ORDER BY `timestamp` DESC LIMIT 15
[Fri Feb 17 2017 16:14:40][ERRO]Unable to retrieve current_expense -> SELECT * FROM `expense` WHERE `user_id` = 1 AND `deleted` = 'f' ORDER BY `timestamp` DESC LIMIT 15
[Fri Feb 17 2017 16:15:39][ERRO]Unable to retrieve current_expense -> SELECT * FROM `expense` WHERE `user_id` = 1 AND `deleted` = 'f' ORDER BY `timestamp` DESC LIMIT 15
[Fri Feb 17 2017 16:15:42][ERRO]Unable to retrieve current_expense -> SELECT * FROM `expense` WHERE `user_id` = 1 AND `deleted` = 'f' ORDER BY `timestamp` DESC LIMIT 15
[Fri Feb 17 2017 16:16:10][ERRO]Unable to retrieve current_expense -> SELECT * FROM `expense` WHERE `user_id` = 1 AND `deleted` = 'f' ORDER BY `timestamp` DESC LIMIT 15
[Fri Feb 17 2017 16:17:09][ERRO]Unable to retrieve current_expense -> SELECT * FROM `expense` WHERE `user_id` = 1 AND `deleted` = 'f' ORDER BY `timestamp` DESC LIMIT 15
[Fri Feb 17 2017 16:17:24][ERRO]Unable to retrieve current_expense -> SELECT * FROM `expense` WHERE `user_id` = 1 AND `deleted` = 'f' ORDER BY `timestamp` DESC LIMIT 15
[Sat Feb 18 2017 8:12:26][ERRO]Unable to retrieve current_expense -> SELECT * FROM `expense` WHERE `user_id` = 1 AND `deleted` = 'f' ORDER BY `timestamp` DESC LIMIT 15
[Sat Feb 18 2017 8:12:32][ERRO]Unable to retrieve current_expense -> SELECT * FROM `expense` WHERE `user_id` = 1 AND `deleted` = 'f' ORDER BY `timestamp` DESC LIMIT 15
[Sun Feb 19 2017 8:28:01][ERRO]Unable to retrieve current_expense -> SELECT * FROM `expense` WHERE `user_id` = 1 AND `deleted` = 'f' ORDER BY `timestamp` DESC LIMIT 15
[Mon Feb 20 2017 21:33:10][ERRO]Unable to retrieve current_expense -> SELECT * FROM `expense` WHERE `user_id` = 1 AND `deleted` = 'f' ORDER BY `timestamp` DESC LIMIT 15
[Mon Feb 20 2017 21:33:55][ERRO]Unable to retrieve running_query -> SELECT SUM(amount) FROM `expense` WHERE `user_id` = 
[Mon Feb 20 2017 21:34:00][ERRO]Unable to retrieve running_query -> SELECT SUM(amount) FROM `expense` WHERE `user_id` = 
[Mon Feb 20 2017 21:34:20][ERRO]Unable to retrieve running_query -> SELECT SUM(amount) FROM `expense` WHERE `user_id` = 
[Mon Feb 20 2017 21:34:26][ERRO]Unable to retrieve running_query -> SELECT SUM(amount) FROM `expense` WHERE `user_id` = 
[Mon Feb 20 2017 21:34:38][ERRO]Unable to retrieve current_expense -> SELECT * FROM `expense` WHERE `user_id` = 1 AND `deleted` = 'f' ORDER BY `timestamp` DESC LIMIT 15
[Mon Feb 20 2017 21:34:47][ERRO]Unable to retrieve current_expense -> SELECT * FROM `expense` WHERE `user_id` = 1 AND `deleted` = 'f' ORDER BY `timestamp` DESC LIMIT 15
[Mon Feb 20 2017 21:35:50][ERRO]Unable to retrieve current_expense -> SELECT * FROM `expense` WHERE `user_id` = 1 AND `deleted` = 'f' ORDER BY `timestamp` DESC LIMIT 15
[Mon Feb 20 2017 21:36:06][ERRO]Unable to retrieve current_expense -> SELECT * FROM `expense` WHERE `user_id` = 1 AND `deleted` = 'f' ORDER BY `timestamp` DESC LIMIT 15
[Tue Feb 21 2017 22:20:04][ERRO]Unable to retrieve current_expense -> SELECT * FROM `expense` WHERE `user_id` = 1 AND `deleted` = 'f' ORDER BY `timestamp` DESC LIMIT 15
[Tue Feb 21 2017 22:20:22][ERRO]Unable to retrieve current_expense -> SELECT * FROM `expense` WHERE `user_id` = 1 AND `deleted` = 'f' ORDER BY `timestamp` DESC LIMIT 15
[Tue Feb 21 2017 22:20:25][ERRO]Unable to retrieve current_expense -> SELECT * FROM `expense` WHERE `user_id` = 1 AND `deleted` = 'f' ORDER BY `timestamp` DESC LIMIT 15
[Tue Feb 21 2017 22:20:26][ERRO]Unable to retrieve current_expense -> SELECT * FROM `expense` WHERE `user_id` = 1 AND `deleted` = 'f' ORDER BY `timestamp` DESC LIMIT 15
[Tue Feb 21 2017 22:20:26][ERRO]Unable to retrieve current_expense -> SELECT * FROM `expense` WHERE `user_id` = 1 AND `deleted` = 'f' ORDER BY `timestamp` DESC LIMIT 15
[Tue Feb 21 2017 22:27:18][ERRO]Unable to retrieve current_expense -> SELECT * FROM `expense` WHERE `user_id` = 1 AND `deleted` = 'f' ORDER BY `timestamp` DESC LIMIT 15
[Tue Feb 21 2017 22:30:53][ERRO]Unable to retrieve current_expense -> SELECT * FROM `expense` WHERE `user_id` = 1 AND `deleted` = 'f' ORDER BY `timestamp` DESC LIMIT 15
[Tue Feb 21 2017 22:36:43][ERRO]Unable to retrieve current_expense -> SELECT * FROM `expense` WHERE `user_id` = 1 AND `deleted` = 'f' ORDER BY `timestamp` DESC LIMIT 15
[Tue Feb 21 2017 22:36:46][ERRO]Unable to retrieve current_expense -> SELECT * FROM `expense` WHERE `user_id` = 1 AND `deleted` = 'f' ORDER BY `timestamp` DESC LIMIT 15
[Tue Feb 21 2017 22:36:46][ERRO]Unable to retrieve current_expense -> SELECT * FROM `expense` WHERE `user_id` = 1 AND `deleted` = 'f' ORDER BY `timestamp` DESC LIMIT 15
[Tue Feb 21 2017 22:36:50][ERRO]Unable to retrieve current_expense -> SELECT * FROM `expense` WHERE `user_id` = 1 AND `deleted` = 'f' ORDER BY `timestamp` DESC LIMIT 15
[Tue Feb 21 2017 22:39:56][ERRO]Unable to retrieve current_expense -> SELECT * FROM `expense` WHERE `user_id` = 1 AND `deleted` = 'f' ORDER BY `timestamp` DESC LIMIT 15
[Tue Feb 21 2017 22:40:13][ERRO]Unable to retrieve current_expense -> SELECT * FROM `expense` WHERE `user_id` = 1 AND `deleted` = 'f' ORDER BY `timestamp` DESC LIMIT 15
[Tue Feb 21 2017 22:40:25][ERRO]Unable to retrieve current_expense -> SELECT * FROM `expense` WHERE `user_id` = 1 AND `deleted` = 'f' ORDER BY `timestamp` DESC LIMIT 15
[Tue Feb 21 2017 22:40:27][ERRO]Unable to retrieve current_expense -> SELECT * FROM `expense` WHERE `user_id` = 1 AND `deleted` = 'f' ORDER BY `timestamp` DESC LIMIT 15
[Tue Feb 21 2017 22:40:28][ERRO]Unable to retrieve current_expense -> SELECT * FROM `expense` WHERE `user_id` = 1 AND `deleted` = 'f' ORDER BY `timestamp` DESC LIMIT 15
[Tue Feb 21 2017 22:41:11][ERRO]Unable to retrieve current_expense -> SELECT * FROM `expense` WHERE `user_id` = 1 AND `deleted` = 'f' ORDER BY `timestamp` DESC LIMIT 15
[Tue Feb 21 2017 22:41:30][ERRO]Unable to retrieve current_expense -> SELECT * FROM `expense` WHERE `user_id` = 1 AND `deleted` = 'f' ORDER BY `timestamp` DESC LIMIT 15
[Tue Feb 21 2017 22:41:32][ERRO]Unable to retrieve current_expense -> SELECT * FROM `expense` WHERE `user_id` = 1 AND `deleted` = 'f' ORDER BY `timestamp` DESC LIMIT 15
[Tue Feb 21 2017 22:41:35][ERRO]Unable to retrieve running_query -> SELECT SUM(amount) FROM `expense` WHERE `user_id` = 
[Tue Feb 21 2017 22:42:21][ERRO]Unable to retrieve current_expense -> SELECT * FROM `expense` WHERE `user_id` = 1 AND `deleted` = 'f' ORDER BY `timestamp` DESC LIMIT 15
[Tue Feb 21 2017 22:42:31][ERRO]Unable to retrieve current_expense -> SELECT * FROM `expense` WHERE `user_id` = 1 AND `deleted` = 'f' ORDER BY `timestamp` DESC LIMIT 15
[Tue Feb 21 2017 22:42:47][ERRO]Unable to retrieve current_expense -> SELECT * FROM `expense` WHERE `user_id` = 1 AND `deleted` = 'f' ORDER BY `timestamp` DESC LIMIT 15
[Tue Feb 21 2017 22:42:52][ERRO]Unable to retrieve current_expense -> SELECT * FROM `expense` WHERE `user_id` = 1 AND `deleted` = 'f' ORDER BY `timestamp` DESC LIMIT 15
[Tue Feb 21 2017 22:43:00][ERRO]Unable to retrieve current_expense -> SELECT * FROM `expense` WHERE `user_id` = 1 AND `deleted` = 'f' ORDER BY `timestamp` DESC LIMIT 15
[Wed Feb 22 2017 14:33:36][ERRO]Unable to retrieve running_query -> SELECT SUM(amount) FROM `expense` WHERE `user_id` = 
